<?xml version="1.0" encoding="UTF-8"?>
<!-- Generated by org.testng.reporters.JUnitReportReporter -->
<testsuite hostname="N10836" failures="0" tests="5" name="com.ninja.qa.testcases.Login" time="41.152" errors="0" timestamp="2024-10-21T12:22:01 IST" skipped="0">
  <testcase classname="com.ninja.qa.testcases.Login" name="verifyLoginwithValidCredentials" time="8.497"/>
  <testcase classname="com.ninja.qa.testcases.Login" name="verifyLoginwithInvalidCredentials" time="8.377"/>
  <testcase classname="com.ninja.qa.testcases.Login" name="verifyInvalidEmailAndValidPassword" time="7.631"/>
  <testcase classname="com.ninja.qa.testcases.Login" name="verifyValidEmailAndInValidPassword" time="7.781"/>
  <testcase classname="com.ninja.qa.testcases.Login" name="verifyWithourProvideCredntials" time="8.866"/>
</testsuite> <!-- com.ninja.qa.testcases.Login -->
